<?xml version="1.0" encoding="UTF-8"?>
<testsuite name="TemplateTest" tests="4" skipped="0" failures="0" errors="0" timestamp="2021-03-03T18:57:15" hostname="tech’s-MacBook-Pro" time="0.032">
  <properties/>
  <testcase name="multipleVariables()" classname="TemplateTest" time="0.028"/>
  <testcase name="anotherVariable()" classname="TemplateTest" time="0.001"/>
  <testcase name="oneVariable()" classname="TemplateTest" time="0.001"/>
  <testcase name="unknownVariablesAreIgnored()" classname="TemplateTest" time="0.0"/>
  <system-out><![CDATA[]]></system-out>
  <system-err><![CDATA[]]></system-err>
</testsuite>
